<?xml version="1.0" encoding="utf-8"?>
<test-run id="2" name="Testing123.dll" fullname="C:/Users/ekristiansen/Documents/GitHub/CS-CoreCards/CoreCards/Testing123/bin/Debug/netcoreapp1.1/Testing123.dll" testcasecount="18" result="Passed" start-time="2017-06-23 14:20:33Z" end-time="2017-06-23 14:21:03Z" duration="30.240689" total="18" passed="18" failed="0" inconclusive="0" skipped="0" asserts="18" random-seed="16319398">
  <filter />
  <test-suite type="Assembly" id="1026" name="Testing123.dll" fullname="C:/Users/ekristiansen/Documents/GitHub/CS-CoreCards/CoreCards/Testing123/bin/Debug/netcoreapp1.1/Testing123.dll" runstate="Runnable" testcasecount="18" result="Passed" start-time="2017-06-23 14:20:33Z" end-time="2017-06-23 14:21:03Z" duration="30.240689" total="18" passed="18" failed="0" warnings="0" inconclusive="0" skipped="0" asserts="18">
    <environment framework-version="3.7.1.0" cwd="C:\Users\ekristiansen\Documents\GitHub\CS-CoreCards\CoreCards\Testing123" culture="en-US" uiculture="en-US" clr-version=".NET Core 4.6.25211.01" os-version="Microsoft Windows 10.0.15063 " machine-name="180A" os-architecture="X64" />
    <settings>
      <setting name="WorkDirectory" value="C:\Users\ekristiansen\Documents\GitHub\CS-CoreCards\CoreCards\Testing123" />
    </settings>
    <test-suite type="TestSuite" id="1027" name="Testing123" fullname="Testing123" runstate="Runnable" testcasecount="18" result="Passed" start-time="2017-06-23 14:20:33Z" end-time="2017-06-23 14:21:03Z" duration="30.230663" total="18" passed="18" failed="0" warnings="0" inconclusive="0" skipped="0" asserts="18">
      <test-suite type="TestFixture" id="1000" name="ClassTest" fullname="Testing123.ClassTest" classname="Testing123.ClassTest" runstate="Runnable" testcasecount="18" result="Passed" start-time="2017-06-23 14:20:33Z" end-time="2017-06-23 14:21:03Z" duration="30.229945" total="18" passed="18" failed="0" warnings="0" inconclusive="0" skipped="0" asserts="18">
        <test-suite type="ParameterizedMethod" id="1004" name="CorrectCardOutput" fullname="Testing123.ClassTest.CorrectCardOutput" classname="Testing123.ClassTest" runstate="Runnable" testcasecount="3" result="Passed" start-time="2017-06-23 14:20:33Z" end-time="2017-06-23 14:20:33Z" duration="0.020592" total="3" passed="3" failed="0" warnings="0" inconclusive="0" skipped="0" asserts="3">
          <test-case id="1001" name="CorrectCardOutput(Clubs,Ace,&quot;Ace Clubs&quot;)" fullname="Testing123.ClassTest.CorrectCardOutput(Clubs,Ace,&quot;Ace Clubs&quot;)" methodname="CorrectCardOutput" classname="Testing123.ClassTest" runstate="Runnable" seed="1844338437" result="Passed" start-time="2017-06-23 14:20:33Z" end-time="2017-06-23 14:20:33Z" duration="0.014521" asserts="1" />
          <test-case id="1002" name="CorrectCardOutput(Diamonds,Four,&quot;Four Diamonds&quot;)" fullname="Testing123.ClassTest.CorrectCardOutput(Diamonds,Four,&quot;Four Diamonds&quot;)" methodname="CorrectCardOutput" classname="Testing123.ClassTest" runstate="Runnable" seed="1999727780" result="Passed" start-time="2017-06-23 14:20:33Z" end-time="2017-06-23 14:20:33Z" duration="0.000235" asserts="1" />
          <test-case id="1003" name="CorrectCardOutput(Hearts,Jack,&quot;Jack Hearts&quot;)" fullname="Testing123.ClassTest.CorrectCardOutput(Hearts,Jack,&quot;Jack Hearts&quot;)" methodname="CorrectCardOutput" classname="Testing123.ClassTest" runstate="Runnable" seed="1107680242" result="Passed" start-time="2017-06-23 14:20:33Z" end-time="2017-06-23 14:20:33Z" duration="0.000175" asserts="1" />
        </test-suite>
        <test-suite type="ParameterizedMethod" id="1025" name="DoubleShuffle" fullname="Testing123.ClassTest.DoubleShuffle" classname="Testing123.ClassTest" runstate="Runnable" testcasecount="1" result="Passed" start-time="2017-06-23 14:20:33Z" end-time="2017-06-23 14:21:03Z" duration="30.179506" total="1" passed="1" failed="0" warnings="0" inconclusive="0" skipped="0" asserts="1">
          <test-case id="1024" name="DoubleShuffle()" fullname="Testing123.ClassTest.DoubleShuffle()" methodname="DoubleShuffle" classname="Testing123.ClassTest" runstate="Runnable" seed="1066696627" result="Passed" start-time="2017-06-23 14:20:33Z" end-time="2017-06-23 14:21:03Z" duration="30.179430" asserts="1" />
        </test-suite>
        <test-suite type="ParameterizedMethod" id="1023" name="EnsureAcesHigh" fullname="Testing123.ClassTest.EnsureAcesHigh" classname="Testing123.ClassTest" runstate="Runnable" testcasecount="4" result="Passed" start-time="2017-06-23 14:21:03Z" end-time="2017-06-23 14:21:03Z" duration="0.007007" total="4" passed="4" failed="0" warnings="0" inconclusive="0" skipped="0" asserts="4">
          <test-case id="1019" name="EnsureAcesHigh(48,&quot;Ace Hearts&quot;)" fullname="Testing123.ClassTest.EnsureAcesHigh(48,&quot;Ace Hearts&quot;)" methodname="EnsureAcesHigh" classname="Testing123.ClassTest" runstate="Runnable" seed="1188026933" result="Passed" start-time="2017-06-23 14:21:03Z" end-time="2017-06-23 14:21:03Z" duration="0.006548" asserts="1" />
          <test-case id="1020" name="EnsureAcesHigh(49,&quot;Ace Diamonds&quot;)" fullname="Testing123.ClassTest.EnsureAcesHigh(49,&quot;Ace Diamonds&quot;)" methodname="EnsureAcesHigh" classname="Testing123.ClassTest" runstate="Runnable" seed="40275775" result="Passed" start-time="2017-06-23 14:21:03Z" end-time="2017-06-23 14:21:03Z" duration="0.000194" asserts="1" />
          <test-case id="1021" name="EnsureAcesHigh(50,&quot;Ace Clubs&quot;)" fullname="Testing123.ClassTest.EnsureAcesHigh(50,&quot;Ace Clubs&quot;)" methodname="EnsureAcesHigh" classname="Testing123.ClassTest" runstate="Runnable" seed="1088483268" result="Passed" start-time="2017-06-23 14:21:03Z" end-time="2017-06-23 14:21:03Z" duration="0.000073" asserts="1" />
          <test-case id="1022" name="EnsureAcesHigh(51,&quot;Ace Spades&quot;)" fullname="Testing123.ClassTest.EnsureAcesHigh(51,&quot;Ace Spades&quot;)" methodname="EnsureAcesHigh" classname="Testing123.ClassTest" runstate="Runnable" seed="1527734410" result="Passed" start-time="2017-06-23 14:21:03Z" end-time="2017-06-23 14:21:03Z" duration="0.000071" asserts="1" />
        </test-suite>
        <test-suite type="ParameterizedMethod" id="1010" name="EnsureCardPosition" fullname="Testing123.ClassTest.EnsureCardPosition" classname="Testing123.ClassTest" runstate="Runnable" testcasecount="3" result="Passed" start-time="2017-06-23 14:21:03Z" end-time="2017-06-23 14:21:03Z" duration="0.000470" total="3" passed="3" failed="0" warnings="0" inconclusive="0" skipped="0" asserts="3">
          <test-case id="1007" name="EnsureCardPosition(5,&quot;Six Hearts&quot;)" fullname="Testing123.ClassTest.EnsureCardPosition(5,&quot;Six Hearts&quot;)" methodname="EnsureCardPosition" classname="Testing123.ClassTest" runstate="Runnable" seed="433553544" result="Passed" start-time="2017-06-23 14:21:03Z" end-time="2017-06-23 14:21:03Z" duration="0.000305" asserts="1" />
          <test-case id="1008" name="EnsureCardPosition(13,&quot;Ace Diamonds&quot;)" fullname="Testing123.ClassTest.EnsureCardPosition(13,&quot;Ace Diamonds&quot;)" methodname="EnsureCardPosition" classname="Testing123.ClassTest" runstate="Runnable" seed="903794238" result="Passed" start-time="2017-06-23 14:21:03Z" end-time="2017-06-23 14:21:03Z" duration="0.000066" asserts="1" />
          <test-case id="1009" name="EnsureCardPosition(51,&quot;King Spades&quot;)" fullname="Testing123.ClassTest.EnsureCardPosition(51,&quot;King Spades&quot;)" methodname="EnsureCardPosition" classname="Testing123.ClassTest" runstate="Runnable" seed="1074593390" result="Passed" start-time="2017-06-23 14:21:03Z" end-time="2017-06-23 14:21:03Z" duration="0.000047" asserts="1" />
        </test-suite>
        <test-suite type="ParameterizedMethod" id="1018" name="EnsureKingsHigh" fullname="Testing123.ClassTest.EnsureKingsHigh" classname="Testing123.ClassTest" runstate="Runnable" testcasecount="4" result="Passed" start-time="2017-06-23 14:21:03Z" end-time="2017-06-23 14:21:03Z" duration="0.000746" total="4" passed="4" failed="0" warnings="0" inconclusive="0" skipped="0" asserts="4">
          <test-case id="1014" name="EnsureKingsHigh(48,&quot;King Hearts&quot;)" fullname="Testing123.ClassTest.EnsureKingsHigh(48,&quot;King Hearts&quot;)" methodname="EnsureKingsHigh" classname="Testing123.ClassTest" runstate="Runnable" seed="174905349" result="Passed" start-time="2017-06-23 14:21:03Z" end-time="2017-06-23 14:21:03Z" duration="0.000510" asserts="1" />
          <test-case id="1015" name="EnsureKingsHigh(49,&quot;King Diamonds&quot;)" fullname="Testing123.ClassTest.EnsureKingsHigh(49,&quot;King Diamonds&quot;)" methodname="EnsureKingsHigh" classname="Testing123.ClassTest" runstate="Runnable" seed="349303870" result="Passed" start-time="2017-06-23 14:21:03Z" end-time="2017-06-23 14:21:03Z" duration="0.000086" asserts="1" />
          <test-case id="1016" name="EnsureKingsHigh(50,&quot;King Clubs&quot;)" fullname="Testing123.ClassTest.EnsureKingsHigh(50,&quot;King Clubs&quot;)" methodname="EnsureKingsHigh" classname="Testing123.ClassTest" runstate="Runnable" seed="535733436" result="Passed" start-time="2017-06-23 14:21:03Z" end-time="2017-06-23 14:21:03Z" duration="0.000058" asserts="1" />
          <test-case id="1017" name="EnsureKingsHigh(51,&quot;King Spades&quot;)" fullname="Testing123.ClassTest.EnsureKingsHigh(51,&quot;King Spades&quot;)" methodname="EnsureKingsHigh" classname="Testing123.ClassTest" runstate="Runnable" seed="1511271791" result="Passed" start-time="2017-06-23 14:21:03Z" end-time="2017-06-23 14:21:03Z" duration="0.000059" asserts="1" />
        </test-suite>
        <test-suite type="ParameterizedMethod" id="1013" name="EnsureShufflePosition" fullname="Testing123.ClassTest.EnsureShufflePosition" classname="Testing123.ClassTest" runstate="Runnable" testcasecount="2" result="Passed" start-time="2017-06-23 14:21:03Z" end-time="2017-06-23 14:21:03Z" duration="0.014010" total="2" passed="2" failed="0" warnings="0" inconclusive="0" skipped="0" asserts="2">
          <test-case id="1011" name="EnsureShufflePosition(10)" fullname="Testing123.ClassTest.EnsureShufflePosition(10)" methodname="EnsureShufflePosition" classname="Testing123.ClassTest" runstate="Runnable" seed="107262196" result="Passed" start-time="2017-06-23 14:21:03Z" end-time="2017-06-23 14:21:03Z" duration="0.013636" asserts="1" />
          <test-case id="1012" name="EnsureShufflePosition(5)" fullname="Testing123.ClassTest.EnsureShufflePosition(5)" methodname="EnsureShufflePosition" classname="Testing123.ClassTest" runstate="Runnable" seed="332742233" result="Passed" start-time="2017-06-23 14:21:03Z" end-time="2017-06-23 14:21:03Z" duration="0.000344" asserts="1" />
        </test-suite>
        <test-suite type="ParameterizedMethod" id="1006" name="GenerateNumberOfCards" fullname="Testing123.ClassTest.GenerateNumberOfCards" classname="Testing123.ClassTest" runstate="Runnable" testcasecount="1" result="Passed" start-time="2017-06-23 14:21:03Z" end-time="2017-06-23 14:21:03Z" duration="0.002148" total="1" passed="1" failed="0" warnings="0" inconclusive="0" skipped="0" asserts="1">
          <test-case id="1005" name="GenerateNumberOfCards(52)" fullname="Testing123.ClassTest.GenerateNumberOfCards(52)" methodname="GenerateNumberOfCards" classname="Testing123.ClassTest" runstate="Runnable" seed="711315290" result="Passed" start-time="2017-06-23 14:21:03Z" end-time="2017-06-23 14:21:03Z" duration="0.002120" asserts="1" />
        </test-suite>
      </test-suite>
    </test-suite>
  </test-suite>
</test-run>