<?xml version="1.0" encoding="utf-8"?>
<test-run id="2" name="Testing123.dll" fullname="C:/Users/ekristiansen/Documents/GitHub/CS-CoreCards/CoreCards/Testing123/bin/Debug/netcoreapp1.1/Testing123.dll" testcasecount="14" result="Passed" start-time="2017-06-16 15:46:36Z" end-time="2017-06-16 15:46:36Z" duration="0.056986" total="14" passed="14" failed="0" inconclusive="0" skipped="0" asserts="14" random-seed="149732575">
  <filter />
  <test-suite type="Assembly" id="1020" name="Testing123.dll" fullname="C:/Users/ekristiansen/Documents/GitHub/CS-CoreCards/CoreCards/Testing123/bin/Debug/netcoreapp1.1/Testing123.dll" runstate="Runnable" testcasecount="14" result="Passed" start-time="2017-06-16 15:46:36Z" end-time="2017-06-16 15:46:36Z" duration="0.056986" total="14" passed="14" failed="0" warnings="0" inconclusive="0" skipped="0" asserts="14">
    <environment framework-version="3.7.1.0" cwd="C:\Users\ekristiansen\Documents\GitHub\CS-CoreCards\CoreCards\Testing123" culture="en-US" uiculture="en-US" clr-version=".NET Core 4.6.25009.03" os-version="Microsoft Windows 10.0.15063 " machine-name="180A" os-architecture="X64" />
    <settings>
      <setting name="WorkDirectory" value="C:\Users\ekristiansen\Documents\GitHub\CS-CoreCards\CoreCards\Testing123" />
    </settings>
    <test-suite type="TestSuite" id="1021" name="Testing123" fullname="Testing123" runstate="Runnable" testcasecount="14" result="Passed" start-time="2017-06-16 15:46:36Z" end-time="2017-06-16 15:46:36Z" duration="0.049050" total="14" passed="14" failed="0" warnings="0" inconclusive="0" skipped="0" asserts="14">
      <test-suite type="TestFixture" id="1000" name="ClassTest" fullname="Testing123.ClassTest" classname="Testing123.ClassTest" runstate="Runnable" testcasecount="14" result="Passed" start-time="2017-06-16 15:46:36Z" end-time="2017-06-16 15:46:36Z" duration="0.048460" total="14" passed="14" failed="0" warnings="0" inconclusive="0" skipped="0" asserts="14">
        <test-suite type="ParameterizedMethod" id="1004" name="CorrectCardOutput" fullname="Testing123.ClassTest.CorrectCardOutput" classname="Testing123.ClassTest" runstate="Runnable" testcasecount="3" result="Passed" start-time="2017-06-16 15:46:36Z" end-time="2017-06-16 15:46:36Z" duration="0.022655" total="3" passed="3" failed="0" warnings="0" inconclusive="0" skipped="0" asserts="3">
          <test-case id="1001" name="CorrectCardOutput(Clubs,Ace,&quot;Ace Clubs&quot;)" fullname="Testing123.ClassTest.CorrectCardOutput(Clubs,Ace,&quot;Ace Clubs&quot;)" methodname="CorrectCardOutput" classname="Testing123.ClassTest" runstate="Runnable" seed="440147336" result="Passed" start-time="2017-06-16 15:46:36Z" end-time="2017-06-16 15:46:36Z" duration="0.014549" asserts="1" />
          <test-case id="1002" name="CorrectCardOutput(Diamonds,Four,&quot;Four Diamonds&quot;)" fullname="Testing123.ClassTest.CorrectCardOutput(Diamonds,Four,&quot;Four Diamonds&quot;)" methodname="CorrectCardOutput" classname="Testing123.ClassTest" runstate="Runnable" seed="826469666" result="Passed" start-time="2017-06-16 15:46:36Z" end-time="2017-06-16 15:46:36Z" duration="0.000357" asserts="1" />
          <test-case id="1003" name="CorrectCardOutput(Hearts,Jack,&quot;Jack Hearts&quot;)" fullname="Testing123.ClassTest.CorrectCardOutput(Hearts,Jack,&quot;Jack Hearts&quot;)" methodname="CorrectCardOutput" classname="Testing123.ClassTest" runstate="Runnable" seed="168352004" result="Passed" start-time="2017-06-16 15:46:36Z" end-time="2017-06-16 15:46:36Z" duration="0.000224" asserts="1" />
        </test-suite>
        <test-suite type="ParameterizedMethod" id="1010" name="EnsureCardPosition" fullname="Testing123.ClassTest.EnsureCardPosition" classname="Testing123.ClassTest" runstate="Runnable" testcasecount="3" result="Passed" start-time="2017-06-16 15:46:36Z" end-time="2017-06-16 15:46:36Z" duration="0.001539" total="3" passed="3" failed="0" warnings="0" inconclusive="0" skipped="0" asserts="3">
          <test-case id="1007" name="EnsureCardPosition(5,&quot;Six Hearts&quot;)" fullname="Testing123.ClassTest.EnsureCardPosition(5,&quot;Six Hearts&quot;)" methodname="EnsureCardPosition" classname="Testing123.ClassTest" runstate="Runnable" seed="422049068" result="Passed" start-time="2017-06-16 15:46:36Z" end-time="2017-06-16 15:46:36Z" duration="0.001185" asserts="1" />
          <test-case id="1008" name="EnsureCardPosition(13,&quot;Ace Diamonds&quot;)" fullname="Testing123.ClassTest.EnsureCardPosition(13,&quot;Ace Diamonds&quot;)" methodname="EnsureCardPosition" classname="Testing123.ClassTest" runstate="Runnable" seed="669933121" result="Passed" start-time="2017-06-16 15:46:36Z" end-time="2017-06-16 15:46:36Z" duration="0.000155" asserts="1" />
          <test-case id="1009" name="EnsureCardPosition(51,&quot;King Spades&quot;)" fullname="Testing123.ClassTest.EnsureCardPosition(51,&quot;King Spades&quot;)" methodname="EnsureCardPosition" classname="Testing123.ClassTest" runstate="Runnable" seed="1144162032" result="Passed" start-time="2017-06-16 15:46:36Z" end-time="2017-06-16 15:46:36Z" duration="0.000084" asserts="1" />
        </test-suite>
        <test-suite type="ParameterizedMethod" id="1019" name="EnsureKingsHigh" fullname="Testing123.ClassTest.EnsureKingsHigh" classname="Testing123.ClassTest" runstate="Runnable" testcasecount="4" result="Passed" start-time="2017-06-16 15:46:36Z" end-time="2017-06-16 15:46:36Z" duration="0.007859" total="4" passed="4" failed="0" warnings="0" inconclusive="0" skipped="0" asserts="4">
          <test-case id="1015" name="EnsureKingsHigh(48,&quot;King Hearts&quot;)" fullname="Testing123.ClassTest.EnsureKingsHigh(48,&quot;King Hearts&quot;)" methodname="EnsureKingsHigh" classname="Testing123.ClassTest" runstate="Runnable" seed="1469204971" result="Passed" start-time="2017-06-16 15:46:36Z" end-time="2017-06-16 15:46:36Z" duration="0.007235" asserts="1" />
          <test-case id="1016" name="EnsureKingsHigh(49,&quot;King Diamonds&quot;)" fullname="Testing123.ClassTest.EnsureKingsHigh(49,&quot;King Diamonds&quot;)" methodname="EnsureKingsHigh" classname="Testing123.ClassTest" runstate="Runnable" seed="107766299" result="Passed" start-time="2017-06-16 15:46:36Z" end-time="2017-06-16 15:46:36Z" duration="0.000301" asserts="1" />
          <test-case id="1017" name="EnsureKingsHigh(50,&quot;King Clubs&quot;)" fullname="Testing123.ClassTest.EnsureKingsHigh(50,&quot;King Clubs&quot;)" methodname="EnsureKingsHigh" classname="Testing123.ClassTest" runstate="Runnable" seed="940165035" result="Passed" start-time="2017-06-16 15:46:36Z" end-time="2017-06-16 15:46:36Z" duration="0.000129" asserts="1" />
          <test-case id="1018" name="EnsureKingsHigh(51,&quot;King Spades&quot;)" fullname="Testing123.ClassTest.EnsureKingsHigh(51,&quot;King Spades&quot;)" methodname="EnsureKingsHigh" classname="Testing123.ClassTest" runstate="Runnable" seed="1462808682" result="Passed" start-time="2017-06-16 15:46:36Z" end-time="2017-06-16 15:46:36Z" duration="0.000117" asserts="1" />
        </test-suite>
        <test-suite type="ParameterizedMethod" id="1014" name="EnsureShufflePosition" fullname="Testing123.ClassTest.EnsureShufflePosition" classname="Testing123.ClassTest" runstate="Runnable" testcasecount="3" result="Passed" start-time="2017-06-16 15:46:36Z" end-time="2017-06-16 15:46:36Z" duration="0.009070" total="3" passed="3" failed="0" warnings="0" inconclusive="0" skipped="0" asserts="3">
          <test-case id="1011" name="EnsureShufflePosition(5,&quot;Six Hearts&quot;)" fullname="Testing123.ClassTest.EnsureShufflePosition(5,&quot;Six Hearts&quot;)" methodname="EnsureShufflePosition" classname="Testing123.ClassTest" runstate="Runnable" seed="439259617" result="Passed" start-time="2017-06-16 15:46:36Z" end-time="2017-06-16 15:46:36Z" duration="0.008819" asserts="1" />
          <test-case id="1012" name="EnsureShufflePosition(13,&quot;Ace Diamonds&quot;)" fullname="Testing123.ClassTest.EnsureShufflePosition(13,&quot;Ace Diamonds&quot;)" methodname="EnsureShufflePosition" classname="Testing123.ClassTest" runstate="Runnable" seed="197628362" result="Passed" start-time="2017-06-16 15:46:36Z" end-time="2017-06-16 15:46:36Z" duration="0.000134" asserts="1" />
          <test-case id="1013" name="EnsureShufflePosition(51,&quot;King Spades&quot;)" fullname="Testing123.ClassTest.EnsureShufflePosition(51,&quot;King Spades&quot;)" methodname="EnsureShufflePosition" classname="Testing123.ClassTest" runstate="Runnable" seed="1662894500" result="Passed" start-time="2017-06-16 15:46:36Z" end-time="2017-06-16 15:46:36Z" duration="0.000062" asserts="1" />
        </test-suite>
        <test-suite type="ParameterizedMethod" id="1006" name="GenerateNumberOfCards" fullname="Testing123.ClassTest.GenerateNumberOfCards" classname="Testing123.ClassTest" runstate="Runnable" testcasecount="1" result="Passed" start-time="2017-06-16 15:46:36Z" end-time="2017-06-16 15:46:36Z" duration="0.003233" total="1" passed="1" failed="0" warnings="0" inconclusive="0" skipped="0" asserts="1">
          <test-case id="1005" name="GenerateNumberOfCards(52)" fullname="Testing123.ClassTest.GenerateNumberOfCards(52)" methodname="GenerateNumberOfCards" classname="Testing123.ClassTest" runstate="Runnable" seed="330296983" result="Passed" start-time="2017-06-16 15:46:36Z" end-time="2017-06-16 15:46:36Z" duration="0.003203" asserts="1" />
        </test-suite>
      </test-suite>
    </test-suite>
  </test-suite>
</test-run>